<?xml version="1.0" encoding="UTF-8"?>
<testsuite xmlns:xsi="http://www.w3.org/2001/XMLSchema-instance" xsi:schemaLocation="https://maven.apache.org/surefire/maven-surefire-plugin/xsd/surefire-test-report.xsd" name="TestSuite" time="428.674" tests="16" errors="0" skipped="0" failures="8">
  <properties>
[...]
</properties>
  <testcase name="test" classname="scripts.AddToCart" time="18.279"/>
  <testcase name="test" classname="scripts.AddToCart" time="13.68"/>
  <testcase name="test" classname="scripts.AddToCart" time="13.219">
    <failure message="expected:&lt;472.33€&gt; but was:&lt;472.33â‚¬&gt;" type="java.lang.AssertionError"><![CDATA[java.lang.AssertionError: expected:<472.33€> but was:<472.33â‚¬>
	at scripts.AddToCart.test(AddToCart.java:41)
]]></failure>
    <system-out><![CDATA[Exception while taking screenshot Session ID is null. Using WebDriver after calling quit()?
Build info: version: '3.14.0', revision: 'aacccce0', time: '2018-08-02T20:19:58.91Z'
System info: host: 'UTEC-5738', ip: '192.168.33.62', os.name: 'Windows 8.1', os.arch: 'amd64', os.version: '6.3', java.version: '17.0.2'
Driver info: driver.version: RemoteWebDriver
]]></system-out>
    <system-err><![CDATA[Starting ChromeDriver 109.0.5414.25 (771113d280dd3dda2fb422a6c805f0eb2b8ee6ed-refs/branch-heads/5414@{#303}) on port 46966
Only local connections are allowed.
Please see https://chromedriver.chromium.org/security-considerations for suggestions on keeping ChromeDriver safe.
ChromeDriver was started successfully.
may. 01, 2023 4:23:48 P. M. org.openqa.selenium.remote.ProtocolHandshake createSession
INFO: Detected dialect: W3C
]]></system-err>
  </testcase>
  <testcase name="test" classname="scripts.AddToCart" time="15.935">
    <failure message="expected:&lt;96.66€&gt; but was:&lt;96.66â‚¬&gt;" type="java.lang.AssertionError"><![CDATA[java.lang.AssertionError: expected:<96.66€> but was:<96.66â‚¬>
	at scripts.AddToCart.test(AddToCart.java:41)
]]></failure>
    <system-out><![CDATA[Successfully captured a screenshot
]]></system-out>
    <system-err><![CDATA[Starting ChromeDriver 109.0.5414.25 (771113d280dd3dda2fb422a6c805f0eb2b8ee6ed-refs/branch-heads/5414@{#303}) on port 3454
Only local connections are allowed.
Please see https://chromedriver.chromium.org/security-considerations for suggestions on keeping ChromeDriver safe.
ChromeDriver was started successfully.
may. 01, 2023 4:24:03 P. M. org.openqa.selenium.remote.ProtocolHandshake createSession
INFO: Detected dialect: W3C
]]></system-err>
  </testcase>
  <testcase name="test" classname="scripts.AddToCart" time="30.215"/>
  <testcase name="test" classname="scripts.AddToCart" time="30.113"/>
  <testcase name="test" classname="scripts.AddToCart" time="18.005">
    <failure message="expected:&lt;472.33€&gt; but was:&lt;472.33â‚¬&gt;" type="java.lang.AssertionError"><![CDATA[java.lang.AssertionError: expected:<472.33€> but was:<472.33â‚¬>
	at scripts.AddToCart.test(AddToCart.java:41)
]]></failure>
    <system-out><![CDATA[Exception while taking screenshot Session ID is null. Using WebDriver after calling quit()?
Build info: version: '3.14.0', revision: 'aacccce0', time: '2018-08-02T20:19:58.91Z'
System info: host: 'UTEC-5738', ip: '192.168.33.62', os.name: 'Windows 8.1', os.arch: 'amd64', os.version: '6.3', java.version: '17.0.2'
Driver info: driver.version: RemoteWebDriver
]]></system-out>
    <system-err><![CDATA[Starting ChromeDriver 109.0.5414.25 (771113d280dd3dda2fb422a6c805f0eb2b8ee6ed-refs/branch-heads/5414@{#303}) on port 30669
Only local connections are allowed.
Please see https://chromedriver.chromium.org/security-considerations for suggestions on keeping ChromeDriver safe.
ChromeDriver was started successfully.
may. 01, 2023 4:25:20 P. M. org.openqa.selenium.remote.ProtocolHandshake createSession
INFO: Detected dialect: W3C
]]></system-err>
  </testcase>
  <testcase name="test" classname="scripts.AddToCart" time="19.557">
    <failure message="expected:&lt;96.66€&gt; but was:&lt;96.66â‚¬&gt;" type="java.lang.AssertionError"><![CDATA[java.lang.AssertionError: expected:<96.66€> but was:<96.66â‚¬>
	at scripts.AddToCart.test(AddToCart.java:41)
]]></failure>
    <system-out><![CDATA[Successfully captured a screenshot
]]></system-out>
    <system-err><![CDATA[Starting ChromeDriver 109.0.5414.25 (771113d280dd3dda2fb422a6c805f0eb2b8ee6ed-refs/branch-heads/5414@{#303}) on port 28920
Only local connections are allowed.
Please see https://chromedriver.chromium.org/security-considerations for suggestions on keeping ChromeDriver safe.
ChromeDriver was started successfully.
may. 01, 2023 4:25:40 P. M. org.openqa.selenium.remote.ProtocolHandshake createSession
INFO: Detected dialect: W3C
]]></system-err>
  </testcase>
  <testcase name="test" classname="scripts.AddToCart" time="36.117"/>
  <testcase name="test" classname="scripts.AddToCart" time="42.44"/>
  <testcase name="test" classname="scripts.AddToCart" time="25.724">
    <failure message="expected:&lt;472.33€&gt; but was:&lt;472.33â‚¬&gt;" type="java.lang.AssertionError"><![CDATA[java.lang.AssertionError: expected:<472.33€> but was:<472.33â‚¬>
	at scripts.AddToCart.test(AddToCart.java:41)
]]></failure>
    <system-out><![CDATA[Exception while taking screenshot Session ID is null. Using WebDriver after calling quit()?
Build info: version: '3.14.0', revision: 'aacccce0', time: '2018-08-02T20:19:58.91Z'
System info: host: 'UTEC-5738', ip: '192.168.33.62', os.name: 'Windows 8.1', os.arch: 'amd64', os.version: '6.3', java.version: '17.0.2'
Driver info: driver.version: RemoteWebDriver
]]></system-out>
    <system-err><![CDATA[Starting ChromeDriver 109.0.5414.25 (771113d280dd3dda2fb422a6c805f0eb2b8ee6ed-refs/branch-heads/5414@{#303}) on port 22046
Only local connections are allowed.
Please see https://chromedriver.chromium.org/security-considerations for suggestions on keeping ChromeDriver safe.
ChromeDriver was started successfully.
may. 01, 2023 4:27:18 P. M. org.openqa.selenium.remote.ProtocolHandshake createSession
INFO: Detected dialect: W3C
]]></system-err>
  </testcase>
  <testcase name="test" classname="scripts.AddToCart" time="29.784">
    <failure message="expected:&lt;96.66€&gt; but was:&lt;96.66â‚¬&gt;" type="java.lang.AssertionError"><![CDATA[java.lang.AssertionError: expected:<96.66€> but was:<96.66â‚¬>
	at scripts.AddToCart.test(AddToCart.java:41)
]]></failure>
    <system-out><![CDATA[Successfully captured a screenshot
]]></system-out>
    <system-err><![CDATA[Starting ChromeDriver 109.0.5414.25 (771113d280dd3dda2fb422a6c805f0eb2b8ee6ed-refs/branch-heads/5414@{#303}) on port 32982
Only local connections are allowed.
Please see https://chromedriver.chromium.org/security-considerations for suggestions on keeping ChromeDriver safe.
ChromeDriver was started successfully.
may. 01, 2023 4:27:46 P. M. org.openqa.selenium.remote.ProtocolHandshake createSession
INFO: Detected dialect: W3C
]]></system-err>
  </testcase>
  <testcase name="test" classname="scripts.AddToCart" time="38.215"/>
  <testcase name="test" classname="scripts.AddToCart" time="35.319"/>
  <testcase name="test" classname="scripts.AddToCart" time="18.551">
    <failure message="expected:&lt;472.33€&gt; but was:&lt;472.33â‚¬&gt;" type="java.lang.AssertionError"><![CDATA[java.lang.AssertionError: expected:<472.33€> but was:<472.33â‚¬>
	at scripts.AddToCart.test(AddToCart.java:41)
]]></failure>
    <system-out><![CDATA[Exception while taking screenshot Session ID is null. Using WebDriver after calling quit()?
Build info: version: '3.14.0', revision: 'aacccce0', time: '2018-08-02T20:19:58.91Z'
System info: host: 'UTEC-5738', ip: '192.168.33.62', os.name: 'Windows 8.1', os.arch: 'amd64', os.version: '6.3', java.version: '17.0.2'
Driver info: driver.version: RemoteWebDriver
]]></system-out>
    <system-err><![CDATA[Starting ChromeDriver 109.0.5414.25 (771113d280dd3dda2fb422a6c805f0eb2b8ee6ed-refs/branch-heads/5414@{#303}) on port 7724
Only local connections are allowed.
Please see https://chromedriver.chromium.org/security-considerations for suggestions on keeping ChromeDriver safe.
ChromeDriver was started successfully.
may. 01, 2023 4:29:27 P. M. org.openqa.selenium.remote.ProtocolHandshake createSession
INFO: Detected dialect: W3C
]]></system-err>
  </testcase>
  <testcase name="test" classname="scripts.AddToCart" time="30.887">
    <failure message="expected:&lt;96.66€&gt; but was:&lt;96.66â‚¬&gt;" type="java.lang.AssertionError"><![CDATA[java.lang.AssertionError: expected:<96.66€> but was:<96.66â‚¬>
	at scripts.AddToCart.test(AddToCart.java:41)
]]></failure>
    <system-out><![CDATA[Successfully captured a screenshot
]]></system-out>
    <system-err><![CDATA[Starting ChromeDriver 109.0.5414.25 (771113d280dd3dda2fb422a6c805f0eb2b8ee6ed-refs/branch-heads/5414@{#303}) on port 41850
Only local connections are allowed.
Please see https://chromedriver.chromium.org/security-considerations for suggestions on keeping ChromeDriver safe.
ChromeDriver was started successfully.
may. 01, 2023 4:29:49 P. M. org.openqa.selenium.remote.ProtocolHandshake createSession
INFO: Detected dialect: W3C
]]></system-err>
  </testcase>
</testsuite>